<?xml version="1.0" encoding="UTF-8"?>
<testsuite name="TicTacToeTest" tests="1" skipped="0" failures="0" errors="0" timestamp="2023-01-08T04:43:06" hostname="leviatan" time="0.051">
  <properties/>
  <testcase name="start" classname="TicTacToeTest" time="0.051"/>
  <system-out><![CDATA[?[1;31m
Start test 1?[0m
X O X
O X O
X O O
]]></system-out>
  <system-err><![CDATA[]]></system-err>
</testsuite>
