<?xml version="1.0" encoding="UTF-8"?>
<testsuite name="TicTacToeTest" tests="1" skipped="0" failures="0" errors="0" timestamp="2023-01-14T03:47:06" hostname="leviatan" time="0.183">
  <properties/>
  <testcase name="start" classname="TicTacToeTest" time="0.183"/>
  <system-out><![CDATA[?[1;31m
Start test 1?[0m
> 3 3
---------
| _ _ _ |
| _ _ _ |
| _ _ X |
---------
> 4 3
Coordinates should be from 1 to 3!
> 2 3
---------
| _ _ _ |
| _ _ O |
| _ _ X |
---------
> 3 4
Coordinates should be from 1 to 3!
> 1 4
Coordinates should be from 1 to 3!
> 1 2
---------
| _ X _ |
| _ _ O |
| _ _ X |
---------
> 4 2
Coordinates should be from 1 to 3!
> 4 4
Coordinates should be from 1 to 3!
> 2 1
---------
| _ X _ |
| O _ O |
| _ _ X |
---------
> 1 4
Coordinates should be from 1 to 3!
> 1 1
---------
| X X _ |
| O _ O |
| _ _ X |
---------
> 1 2
This cell is occupied! Choose another one!
> 1 3
---------
| X X O |
| O _ O |
| _ _ X |
---------
> 2 1
This cell is occupied! Choose another one!
> 2 2
---------
| X X O |
| O X O |
| _ _ X |
---------
?[1;31m
Start test 2?[0m
> 4 1
Coordinates should be from 1 to 3!
> 2 1
---------
| _ _ _ |
| X _ _ |
| _ _ _ |
---------
> 2 2
---------
| _ _ _ |
| X O _ |
| _ _ _ |
---------
> 3 3
---------
| _ _ _ |
| X O _ |
| _ _ X |
---------
> 4 1
Coordinates should be from 1 to 3!
> 2 3
---------
| _ _ _ |
| X O O |
| _ _ X |
---------
> 2 3
This cell is occupied! Choose another one!
> 3 4
Coordinates should be from 1 to 3!
> 3 1
---------
| _ _ _ |
| X O O |
| X _ X |
---------
> 2 4
Coordinates should be from 1 to 3!
> 3 4
Coordinates should be from 1 to 3!
> 1 2
---------
| _ O _ |
| X O O |
| X _ X |
---------
> 1 3
---------
| _ O X |
| X O O |
| X _ X |
---------
> 2 1
This cell is occupied! Choose another one!
> 2 2
This cell is occupied! Choose another one!
> 2 3
This cell is occupied! Choose another one!
> 3 1
This cell is occupied! Choose another one!
> 3 2
---------
| _ O X |
| X O O |
| X O X |
---------
?[1;31m
Start test 3?[0m
> 1 2
---------
| _ X _ |
| _ _ _ |
| _ _ _ |
---------
> 4 4
Coordinates should be from 1 to 3!
> 3 3
---------
| _ X _ |
| _ _ _ |
| _ _ O |
---------
> 4 3
Coordinates should be from 1 to 3!
> 2 3
---------
| _ X _ |
| _ _ X |
| _ _ O |
---------
> 4 4
Coordinates should be from 1 to 3!
> 4 3
Coordinates should be from 1 to 3!
> 2 1
---------
| _ X _ |
| O _ X |
| _ _ O |
---------
> 1 4
Coordinates should be from 1 to 3!
> 3 3
This cell is occupied! Choose another one!
> 1 3
---------
| _ X X |
| O _ X |
| _ _ O |
---------
> 2 1
This cell is occupied! Choose another one!
> 2 2
---------
| _ X X |
| O O X |
| _ _ O |
---------
> 2 3
This cell is occupied! Choose another one!
> 3 1
---------
| _ X X |
| O O X |
| X _ O |
---------
> 3 2
---------
| _ X X |
| O O X |
| X O O |
---------
> 3 3
This cell is occupied! Choose another one!
> 1 1
---------
| X X X |
| O O X |
| X O O |
---------
?[1;31m
Start test 4?[0m
> 4 3
Coordinates should be from 1 to 3!
> 4 2
Coordinates should be from 1 to 3!
> 2 2
---------
| _ _ _ |
| _ X _ |
| _ _ _ |
---------
> 3 2
---------
| _ _ _ |
| _ X _ |
| _ O _ |
---------
> 1 2
---------
| _ X _ |
| _ X _ |
| _ O _ |
---------
> 3 3
---------
| _ X _ |
| _ X _ |
| _ O O |
---------
> 4 4
Coordinates should be from 1 to 3!
> 1 1
---------
| X X _ |
| _ X _ |
| _ O O |
---------
> 4 2
Coordinates should be from 1 to 3!
> 1 3
---------
| X X O |
| _ X _ |
| _ O O |
---------
> 3 1
---------
| X X O |
| _ X _ |
| X O O |
---------
> 2 1
---------
| X X O |
| O X _ |
| X O O |
---------
> 2 2
This cell is occupied! Choose another one!
> 2 3
---------
| X X O |
| O X X |
| X O O |
---------
?[1;31m
Start test 5?[0m
> 2 1
---------
| _ _ _ |
| X _ _ |
| _ _ _ |
---------
> 4 4
Coordinates should be from 1 to 3!
> 2 3
---------
| _ _ _ |
| X _ O |
| _ _ _ |
---------
> 4 2
Coordinates should be from 1 to 3!
> 3 1
---------
| _ _ _ |
| X _ O |
| X _ _ |
---------
> 1 3
---------
| _ _ O |
| X _ O |
| X _ _ |
---------
> 2 1
This cell is occupied! Choose another one!
> 2 4
Coordinates should be from 1 to 3!
> 2 1
This cell is occupied! Choose another one!
> 1 2
---------
| _ X O |
| X _ O |
| X _ _ |
---------
> 2 2
---------
| _ X O |
| X O O |
| X _ _ |
---------
> 2 3
This cell is occupied! Choose another one!
> 3 1
This cell is occupied! Choose another one!
> 3 2
---------
| _ X O |
| X O O |
| X X _ |
---------
> 3 3
---------
| _ X O |
| X O O |
| X X O |
---------
?[1;31m
Start test 6?[0m
> 4 5
Coordinates should be from 1 to 3!
> 2 3
---------
| _ _ _ |
| _ _ X |
| _ _ _ |
---------
> 2 1
---------
| _ _ _ |
| O _ X |
| _ _ _ |
---------
> 4 1
Coordinates should be from 1 to 3!
> 1 2
---------
| _ X _ |
| O _ X |
| _ _ _ |
---------
> 2 2
---------
| _ X _ |
| O O X |
| _ _ _ |
---------
> 4 3
Coordinates should be from 1 to 3!
> 1 3
---------
| _ X X |
| O O X |
| _ _ _ |
---------
> 2 4
Coordinates should be from 1 to 3!
> 3 3
---------
| _ X X |
| O O X |
| _ _ O |
---------
> 1 2
This cell is occupied! Choose another one!
> 2 3
This cell is occupied! Choose another one!
> 3 1
---------
| _ X X |
| O O X |
| X _ O |
---------
> 3 2
---------
| _ X X |
| O O X |
| X O O |
---------
> 3 3
This cell is occupied! Choose another one!
> 1 1
---------
| X X X |
| O O X |
| X O O |
---------
?[1;31m
Start test 7?[0m
> 4 3
Coordinates should be from 1 to 3!
> 2 1
---------
| _ _ _ |
| X _ _ |
| _ _ _ |
---------
> 1 2
---------
| _ O _ |
| X _ _ |
| _ _ _ |
---------
> 2 4
Coordinates should be from 1 to 3!
> 4 4
Coordinates should be from 1 to 3!
> 3 4
Coordinates should be from 1 to 3!
> 1 3
---------
| _ O X |
| X _ _ |
| _ _ _ |
---------
> 1 3
This cell is occupied! Choose another one!
> 3 3
---------
| _ O X |
| X _ _ |
| _ _ O |
---------
> 4 2
Coordinates should be from 1 to 3!
> 3 1
---------
| _ O X |
| X _ _ |
| X _ O |
---------
> 3 2
---------
| _ O X |
| X _ _ |
| X O O |
---------
> 3 3
This cell is occupied! Choose another one!
> 1 1
---------
| X O X |
| X _ _ |
| X O O |
---------
?[1;31m
Start test 8?[0m
> 4 7
Coordinates should be from 1 to 3!
> 1 4
Coordinates should be from 1 to 3!
> 2 2
---------
| _ _ _ |
| _ X _ |
| _ _ _ |
---------
> 4 3
Coordinates should be from 1 to 3!
> 3 3
---------
| _ _ _ |
| _ X _ |
| _ _ O |
---------
> 2 1
---------
| _ _ _ |
| X X _ |
| _ _ O |
---------
> 3 3
This cell is occupied! Choose another one!
> 4 4
Coordinates should be from 1 to 3!
> 1 1
---------
| O _ _ |
| X X _ |
| _ _ O |
---------
> 1 4
Coordinates should be from 1 to 3!
> 2 2
This cell is occupied! Choose another one!
> 3 2
---------
| O _ _ |
| X X _ |
| _ X O |
---------
> 3 3
This cell is occupied! Choose another one!
> 1 1
This cell is occupied! Choose another one!
> 1 2
---------
| O O _ |
| X X _ |
| _ X O |
---------
> 1 3
---------
| O O X |
| X X _ |
| _ X O |
---------
> 2 1
This cell is occupied! Choose another one!
> 2 2
This cell is occupied! Choose another one!
> 2 3
---------
| O O X |
| X X O |
| _ X O |
---------
> 3 1
---------
| O O X |
| X X O |
| X X O |
---------
?[1;31m
Start test 9?[0m
> 3 4
Coordinates should be from 1 to 3!
> 1 3
---------
| _ _ X |
| _ _ _ |
| _ _ _ |
---------
> 3 2
---------
| _ _ X |
| _ _ _ |
| _ O _ |
---------
> 4 3
Coordinates should be from 1 to 3!
> 4 3
Coordinates should be from 1 to 3!
> 3 3
---------
| _ _ X |
| _ _ _ |
| _ O X |
---------
> 1 4
Coordinates should be from 1 to 3!
> 4 2
Coordinates should be from 1 to 3!
> 2 3
---------
| _ _ X |
| _ _ O |
| _ O X |
---------
> 3 1
---------
| _ _ X |
| _ _ O |
| X O X |
---------
> 3 3
This cell is occupied! Choose another one!
> 1 1
---------
| O _ X |
| _ _ O |
| X O X |
---------
> 1 2
---------
| O X X |
| _ _ O |
| X O X |
---------
> 1 3
This cell is occupied! Choose another one!
> 2 1
---------
| O X X |
| O _ O |
| X O X |
---------
> 2 2
---------
| O X X |
| O X O |
| X O X |
---------
]]></system-out>
  <system-err><![CDATA[]]></system-err>
</testsuite>
